<?xml version="1.0" encoding="UTF-8"?>
<testsuites name="Sample Test Suite" time="37" tests="1" failures="0" errors="1">
   <testsuite name="Sample Test Suite" tests="1" failures="0" errors="1" time="37" timestamp="2019-06-24 18:11:41" hostname="703177749 - BMCLPJRF2" id="Test Suites/Sample Test Suite">
      <properties>
         <property name="deviceName" value=""/>
         <property name="devicePlatform" value=""/>
         <property name="logFolder" value="C:\\Users\\703177749\\Desktop\\Katalon - EnTAF Reporting\\Katalon - EnTAF Reporting\\EnTAF Reporting\\Reports\\Sample Test Suite\\20190624_181137"/>
         <property name="logFiles" value="C:\\Users\\703177749\\Desktop\\Katalon - EnTAF Reporting\\Katalon - EnTAF Reporting\\EnTAF Reporting\\Reports\\Sample Test Suite\\20190624_181137\\execution0.log"/>
         <property name="attachments" value="C:\\Users\\703177749\\Desktop\\Katalon - EnTAF Reporting\\Katalon - EnTAF Reporting\\EnTAF Reporting\\Reports\\Sample Test Suite\\20190624_181137\\1561380136035.png, C:\\Users\\703177749\\Desktop\\Katalon - EnTAF Reporting\\Katalon - EnTAF Reporting\\EnTAF Reporting\\Reports\\Sample Test Suite\\20190624_181137\\1561380136460.png, C:\\Users\\703177749\\Desktop\\Katalon - EnTAF Reporting\\Katalon - EnTAF Reporting\\EnTAF Reporting\\\\Results\\Screenshots\\report_24-Jun-2019 18-12-16.jpg"/>
         <property name="hostName" value="703177749 - BMCLPJRF2"/>
         <property name="os" value="Windows 10 64bit"/>
         <property name="katalonVersion" value="6.0.5.10"/>
         <property name="browser" value="Chrome 74.0.3729.108"/>
         <property name="hostAddress" value="10.168.217.135"/>
         <property name="sessionId" value="81bc620fcc4974c082965635f08bddb2"/>
         <property name="seleniumVersion" value="3.7.1"/>
         <property name="proxyInformation" value="ProxyInformation{proxyOption=NO_PROXY, proxyServerType=HTTP, password=, proxyServerAddress=, proxyServerPort=0}"/>
         <property name="platform" value="Windows 10"/>
      </properties>
      <testcase name="Test Cases/Login Module/report" classname="Test Cases/Login Module/report" status="PASSED">
         <system-out><![CDATA[2019-06-24 18:11:43 - [TEST_CASE][PASSED] - Test Cases/Login Module/report: Test Cases/Login Module/report

2019-06-24 18:11:43 - [TEST_STEP][PASSED] - Start listener action : setUp: com.utils.reporting.createFile is PASSED

2019-06-24 18:11:43 - [TEST_STEP][PASSED] - testName = testCaseContext.getTestCaseId(): null

2019-06-24 18:11:43 - [TEST_STEP][PASSED] - fullPath = testName: null

2019-06-24 18:11:43 - [TEST_STEP][PASSED] - segments = fullPath.split("/"): null

2019-06-24 18:11:43 - [TEST_STEP][PASSED] - testName = segments[length - 1]: null

2019-06-24 18:11:43 - [TEST_STEP][PASSED] - moduleName = segments[length - 2]: null

2019-06-24 18:11:43 - [TEST_STEP][PASSED] - browserName = getExecutedBrowser().getName(): null

2019-06-24 18:11:43 - [TEST_STEP][PASSED] - browser = browserName: null

2019-06-24 18:11:43 - [TEST_STEP][PASSED] - partition = browser.split("_"): null

2019-06-24 18:11:43 - [TEST_STEP][PASSED] - browserName = partition[length - 2]: null

2019-06-24 18:11:43 - [TEST_STEP][PASSED] - com.utils.reporting.createFile(testName): com.utils.reporting.createFile is PASSED

2019-06-24 18:11:43 - [MESSAGE][PASSED] - com.utils.reporting.createFile is PASSED

2019-06-24 18:11:44 - [TEST_STEP][PASSED] - openBrowser(""): Browser is opened with url: ''

2019-06-24 18:11:44 - [MESSAGE][INFO] - Starting 'Chrome' driver

2019-06-24 18:11:44 - [MESSAGE][INFO] - Action delay is set to 0 seconds

2019-06-24 18:11:49 - [MESSAGE][PASSED] - Browser is opened with url: ''

2019-06-24 18:11:49 - [TEST_STEP][PASSED] - navigateToUrl(URL): Navigate to 'http://cncdevui.azurewebsites.net/UI/#/account/login' successfully

2019-06-24 18:12:03 - [MESSAGE][PASSED] - Navigate to 'http://cncdevui.azurewebsites.net/UI/#/account/login' successfully

2019-06-24 18:12:03 - [TEST_STEP][PASSED] - waitForPageLoad(Max_Delay): Wait for page load successfully

2019-06-24 18:12:03 - [MESSAGE][PASSED] - Wait for page load successfully

2019-06-24 18:12:03 - [TEST_STEP][PASSED] - maximizeWindow(): Current window maximized

2019-06-24 18:12:04 - [MESSAGE][PASSED] - Current window maximized

2019-06-24 18:12:04 - [TEST_STEP][FAILED] - try: Unable to verify object 'Object Repository/Page_Login/a_Dashboard' is present

2019-06-24 18:12:04 - [TEST_STEP][PASSED] - verifyElementVisible(findTestObject("Page_Login/div_genpact-logo")): Object 'Object Repository/Page_Login/div_genpact-logo' is visible

2019-06-24 18:12:05 - [MESSAGE][PASSED] - Object 'Object Repository/Page_Login/div_genpact-logo' is visible

2019-06-24 18:12:05 - [TEST_STEP][PASSED] - verifyElementVisible(findTestObject("Page_Login/edittext_Username")): Object 'Object Repository/Page_Login/edittext_Username' is visible

2019-06-24 18:12:05 - [MESSAGE][PASSED] - Object 'Object Repository/Page_Login/edittext_Username' is visible

2019-06-24 18:12:05 - [TEST_STEP][PASSED] - verifyElementVisible(findTestObject("Page_Login/edittext_Password")): Object 'Object Repository/Page_Login/edittext_Password' is visible

2019-06-24 18:12:05 - [MESSAGE][PASSED] - Object 'Object Repository/Page_Login/edittext_Password' is visible

2019-06-24 18:12:05 - [TEST_STEP][PASSED] - verifyElementClickable(findTestObject("Page_Login/button_SIGN IN")): Object 'Object Repository/Page_Login/button_SIGN IN' is clickable

2019-06-24 18:12:05 - [MESSAGE][PASSED] - Object 'Object Repository/Page_Login/button_SIGN IN' is clickable

2019-06-24 18:12:05 - [TEST_STEP][FAILED] - verifyElementPresent(findTestObject("Page_Login/a_Dashboard"), 10): Unable to verify object 'Object Repository/Page_Login/a_Dashboard' is present

2019-06-24 18:12:16 - [MESSAGE][INFO] - Unable to find the element located by 'By.xpath: //a[(text() = 'Dashboard' or . = 'Dashboard')]'. Please recheck the objects properties to make sure the desired element is located. 

2019-06-24 18:12:16 - [MESSAGE][FAILED] - com.kms.katalon.core.webui.exception.WebElementNotFoundException: Web element with id: 'Object Repository/Page_Login/a_Dashboard' located by 'By.xpath: //a[(text() = 'Dashboard' or . = 'Dashboard')]' not found
[[ATTACHMENT|C:\\Users\\703177749\\Desktop\\Katalon - EnTAF Reporting\\Katalon - EnTAF Reporting\\EnTAF Reporting\\Reports\\Sample Test Suite\\20190624_181137\\1561380136035.png]]

2019-06-24 18:12:16 - [MESSAGE][FAILED] - Unable to verify object 'Object Repository/Page_Login/a_Dashboard' is present
[[ATTACHMENT|C:\\Users\\703177749\\Desktop\\Katalon - EnTAF Reporting\\Katalon - EnTAF Reporting\\EnTAF Reporting\\Reports\\Sample Test Suite\\20190624_181137\\1561380136460.png]]

2019-06-24 18:12:16 - [TEST_STEP][PASSED] - catch (Exception e): com.utils.reporting.writeIntoFile is PASSED

2019-06-24 18:12:16 - [TEST_STEP][PASSED] - com.utils.reporting.writeIntoFile(testName, "stepSummary", "stepDecription", browserName, "ActualResult", fail, e.getMessage(), com.utils.reporting.getCurrentDateTime()): com.utils.reporting.writeIntoFile is PASSED

2019-06-24 18:12:16 - [MESSAGE][PASSED] - com.utils.reporting.getCurrentDateTime is PASSED

2019-06-24 18:12:17 - [MESSAGE][PASSED] - Taking screenshot successfully
[[ATTACHMENT|C:\\Users\\703177749\\Desktop\\Katalon - EnTAF Reporting\\Katalon - EnTAF Reporting\\EnTAF Reporting\\\\Results\\Screenshots\\report_24-Jun-2019 18-12-16.jpg]]

2019-06-24 18:12:17 - [MESSAGE][PASSED] - com.utils.reporting.writeIntoFile is PASSED

2019-06-24 18:12:17 - [TEST_STEP][PASSED] - Start listener action : tearDown: null

2019-06-24 18:12:17 - [TEST_STEP][PASSED] - com.utils.reporting.afterTestRun(): com.utils.reporting.afterTestRun is PASSED

2019-06-24 18:12:17 - [MESSAGE][PASSED] - com.utils.reporting.afterTestRun is PASSED

2019-06-24 18:12:17 - [TEST_STEP][PASSED] - com.utils.reporting.afterScript(moduleName, testName): com.utils.reporting.afterScript is PASSED

2019-06-24 18:12:17 - [MESSAGE][PASSED] - com.utils.reporting.afterScript is PASSED

2019-06-24 18:12:17 - [TEST_STEP][PASSED] - stepNo = 1: null]]></system-out>
         <system-err><![CDATA[]]></system-err>
      </testcase>
      <testcase name="Test Cases/Sample Module/tryingReport" classname="Test Cases/Sample Module/tryingReport" status="ERROR">
         <error type="ERROR" message="Test Cases/Sample Module/tryingReport FAILED.
Reason:
org.codehaus.groovy.runtime.metaclass.MissingMethodExceptionNoStack: No signature of method: com.utils.reporting.writeIntoFile() is applicable for argument types: (java.lang.String, java.lang.String, java.lang.String, java.lang.String, java.lang.String, java.lang.String, java.lang.String) values: [tryingReport, stepSummary, stepDecription, ActualResult, &amp;#10004, ...]
Possible solutions: writeIntoFile(java.lang.String, java.lang.String, java.lang.String, java.lang.String, java.lang.String, java.lang.String, java.lang.String, java.lang.String)
"/>
         <system-out><![CDATA[2019-06-24 18:12:17 - [TEST_CASE][ERROR] - Test Cases/Sample Module/tryingReport: Test Cases/Sample Module/tryingReport FAILED.
Reason:
org.codehaus.groovy.runtime.metaclass.MissingMethodExceptionNoStack: No signature of method: com.utils.reporting.writeIntoFile() is applicable for argument types: (java.lang.String, java.lang.String, java.lang.String, java.lang.String, java.lang.String, java.lang.String, java.lang.String) values: [tryingReport, stepSummary, stepDecription, ActualResult, &#10004, ...]
Possible solutions: writeIntoFile(java.lang.String, java.lang.String, java.lang.String, java.lang.String, java.lang.String, java.lang.String, java.lang.String, java.lang.String)


2019-06-24 18:12:17 - [TEST_STEP][PASSED] - Start listener action : setUp: com.utils.reporting.createFile is PASSED

2019-06-24 18:12:17 - [TEST_STEP][PASSED] - testName = testCaseContext.getTestCaseId(): null

2019-06-24 18:12:17 - [TEST_STEP][PASSED] - fullPath = testName: null

2019-06-24 18:12:17 - [TEST_STEP][PASSED] - segments = fullPath.split("/"): null

2019-06-24 18:12:17 - [TEST_STEP][PASSED] - testName = segments[length - 1]: null

2019-06-24 18:12:17 - [TEST_STEP][PASSED] - moduleName = segments[length - 2]: null

2019-06-24 18:12:17 - [TEST_STEP][PASSED] - browserName = getExecutedBrowser().getName(): null

2019-06-24 18:12:17 - [TEST_STEP][PASSED] - browser = browserName: null

2019-06-24 18:12:17 - [TEST_STEP][PASSED] - partition = browser.split("_"): null

2019-06-24 18:12:17 - [TEST_STEP][PASSED] - browserName = partition[length - 2]: null

2019-06-24 18:12:17 - [TEST_STEP][PASSED] - com.utils.reporting.createFile(testName): com.utils.reporting.createFile is PASSED

2019-06-24 18:12:17 - [MESSAGE][PASSED] - com.utils.reporting.createFile is PASSED

2019-06-24 18:12:17 - [TEST_STEP][ERROR] - com.utils.reporting.writeIntoFile(testName, "stepSummary", "stepDecription", "ActualResult", pass, "", com.utils.reporting.getCurrentDateTime()): com.utils.reporting.writeIntoFile(testName, "stepSummary", "stepDecription", "ActualResult", pass, "", com.utils.reporting.getCurrentDateTime()) FAILED.
Reason:
org.codehaus.groovy.runtime.metaclass.MissingMethodExceptionNoStack: No signature of method: com.utils.reporting.writeIntoFile() is applicable for argument types: (java.lang.String, java.lang.String, java.lang.String, java.lang.String, java.lang.String, java.lang.String, java.lang.String) values: [tryingReport, stepSummary, stepDecription, ActualResult, &#10004, ...]
Possible solutions: writeIntoFile(java.lang.String, java.lang.String, java.lang.String, java.lang.String, java.lang.String, java.lang.String, java.lang.String, java.lang.String)


2019-06-24 18:12:17 - [MESSAGE][PASSED] - com.utils.reporting.getCurrentDateTime is PASSED

2019-06-24 18:12:17 - [MESSAGE][ERROR] - No signature of method: com.utils.reporting.writeIntoFile() is applicable for argument types: (java.lang.String, java.lang.String, java.lang.String, java.lang.String, java.lang.String, java.lang.String, java.lang.String) values: [tryingReport, stepSummary, stepDecription, ActualResult, &#10004, ...]
Possible solutions: writeIntoFile(java.lang.String, java.lang.String, java.lang.String, java.lang.String, java.lang.String, java.lang.String, java.lang.String, java.lang.String)

2019-06-24 18:12:17 - [MESSAGE][ERROR] - com.utils.reporting.writeIntoFile(testName, "stepSummary", "stepDecription", "ActualResult", pass, "", com.utils.reporting.getCurrentDateTime()) FAILED.
Reason:
org.codehaus.groovy.runtime.metaclass.MissingMethodExceptionNoStack: No signature of method: com.utils.reporting.writeIntoFile() is applicable for argument types: (java.lang.String, java.lang.String, java.lang.String, java.lang.String, java.lang.String, java.lang.String, java.lang.String) values: [tryingReport, stepSummary, stepDecription, ActualResult, &#10004, ...]
Possible solutions: writeIntoFile(java.lang.String, java.lang.String, java.lang.String, java.lang.String, java.lang.String, java.lang.String, java.lang.String, java.lang.String)


2019-06-24 18:12:17 - [TEST_STEP][PASSED] - Start listener action : tearDown: null

2019-06-24 18:12:17 - [TEST_STEP][PASSED] - com.utils.reporting.afterTestRun(): com.utils.reporting.afterTestRun is PASSED

2019-06-24 18:12:17 - [MESSAGE][PASSED] - com.utils.reporting.afterTestRun is PASSED

2019-06-24 18:12:17 - [TEST_STEP][PASSED] - com.utils.reporting.afterScript(moduleName, testName): com.utils.reporting.afterScript is PASSED

2019-06-24 18:12:17 - [MESSAGE][PASSED] - com.utils.reporting.afterScript is PASSED

2019-06-24 18:12:17 - [TEST_STEP][PASSED] - stepNo = 1: null]]></system-out>
         <system-err><![CDATA[2019-06-24 18:12:17 - [TEST_CASE][ERROR] - Test Cases/Sample Module/tryingReport: Test Cases/Sample Module/tryingReport FAILED.
Reason:
org.codehaus.groovy.runtime.metaclass.MissingMethodExceptionNoStack: No signature of method: com.utils.reporting.writeIntoFile() is applicable for argument types: (java.lang.String, java.lang.String, java.lang.String, java.lang.String, java.lang.String, java.lang.String, java.lang.String) values: [tryingReport, stepSummary, stepDecription, ActualResult, &#10004, ...]
Possible solutions: writeIntoFile(java.lang.String, java.lang.String, java.lang.String, java.lang.String, java.lang.String, java.lang.String, java.lang.String, java.lang.String)]]></system-err>
      </testcase>
      <system-out><![CDATA[2019-06-24 18:11:41 - [TEST_SUITE][ERROR] - Sample Test Suite: Test Cases/Sample Module/tryingReport FAILED.
Reason:
org.codehaus.groovy.runtime.metaclass.MissingMethodExceptionNoStack: No signature of method: com.utils.reporting.writeIntoFile() is applicable for argument types: (java.lang.String, java.lang.String, java.lang.String, java.lang.String, java.lang.String, java.lang.String, java.lang.String) values: [tryingReport, stepSummary, stepDecription, ActualResult, &#10004, ...]
Possible solutions: writeIntoFile(java.lang.String, java.lang.String, java.lang.String, java.lang.String, java.lang.String, java.lang.String, java.lang.String, java.lang.String)]]></system-out>
      <system-err><![CDATA[2019-06-24 18:11:41 - [TEST_SUITE][ERROR] - Sample Test Suite: Test Cases/Sample Module/tryingReport FAILED.
Reason:
org.codehaus.groovy.runtime.metaclass.MissingMethodExceptionNoStack: No signature of method: com.utils.reporting.writeIntoFile() is applicable for argument types: (java.lang.String, java.lang.String, java.lang.String, java.lang.String, java.lang.String, java.lang.String, java.lang.String) values: [tryingReport, stepSummary, stepDecription, ActualResult, &#10004, ...]
Possible solutions: writeIntoFile(java.lang.String, java.lang.String, java.lang.String, java.lang.String, java.lang.String, java.lang.String, java.lang.String, java.lang.String)]]></system-err>
   </testsuite>
</testsuites>
