<?xml version="1.0" encoding="UTF-8"?>
<testsuites name="New Test Suite" time="56" tests="2" failures="0" errors="0">
   <testsuite name="New Test Suite" tests="2" failures="0" errors="0" time="56" timestamp="2019-06-23 18:51:10" hostname="703177749 - BMCLPJRF2" id="Test Suites/New Test Suite">
      <properties>
         <property name="deviceName" value=""/>
         <property name="devicePlatform" value=""/>
         <property name="logFolder" value="C:\\Users\\703177749\\Desktop\\Katalon - EnTAF Reporting\\EnTAF Reporting\\Reports\\New Test Suite\\20190623_185106"/>
         <property name="logFiles" value="C:\\Users\\703177749\\Desktop\\Katalon - EnTAF Reporting\\EnTAF Reporting\\Reports\\New Test Suite\\20190623_185106\\execution0.log"/>
         <property name="attachments" value="C:\\Users\\703177749\\Desktop\\Katalon - EnTAF Reporting\\EnTAF Reporting\\Reports\\New Test Suite\\20190623_185106\\1561296122975.png, C:\\Users\\703177749\\Desktop\\Katalon - EnTAF Reporting\\EnTAF Reporting\\Reports\\New Test Suite\\20190623_185106\\1561296123404.png, C:\\Users\\703177749\\Desktop\\Katalon - EnTAF Reporting\\EnTAF Reporting\\Results\\Screenshots\\report_23-Jun-2019 18-52-03.jpg"/>
         <property name="hostName" value="703177749 - BMCLPJRF2"/>
         <property name="os" value="Windows 10 64bit"/>
         <property name="katalonVersion" value="6.0.5.10"/>
         <property name="browser" value="Chrome 74.0.3729.108"/>
         <property name="hostAddress" value="10.74.125.21"/>
         <property name="sessionId" value="8fc4ee92be7718ffaaf12b04a51f28e2"/>
         <property name="seleniumVersion" value="3.7.1"/>
         <property name="proxyInformation" value="ProxyInformation{proxyOption=NO_PROXY, proxyServerType=HTTP, password=, proxyServerAddress=, proxyServerPort=0}"/>
         <property name="platform" value="Windows 10"/>
      </properties>
      <testcase name="Test Cases/report" classname="Test Cases/report" status="PASSED">
         <system-out><![CDATA[2019-06-23 18:51:11 - [TEST_CASE][PASSED] - Test Cases/report: Test Cases/report

2019-06-23 18:51:11 - [TEST_STEP][PASSED] - Start listener action : setUp: com.utils.reporting.createFile is PASSED

2019-06-23 18:51:11 - [TEST_STEP][PASSED] - testName = testCaseContext.getTestCaseId(): null

2019-06-23 18:51:11 - [TEST_STEP][PASSED] - fullPath = testName: null

2019-06-23 18:51:11 - [TEST_STEP][PASSED] - index = fullPath.lastIndexOf("/"): null

2019-06-23 18:51:11 - [TEST_STEP][PASSED] - testName = fullPath.substring(index + 1): null

2019-06-23 18:51:11 - [TEST_STEP][PASSED] - com.utils.reporting.createFile(testName): com.utils.reporting.createFile is PASSED

2019-06-23 18:51:11 - [MESSAGE][PASSED] - com.utils.reporting.createFile is PASSED

2019-06-23 18:51:12 - [TEST_STEP][PASSED] - openBrowser(""): Browser is opened with url: ''

2019-06-23 18:51:12 - [MESSAGE][INFO] - Starting 'Chrome' driver

2019-06-23 18:51:12 - [MESSAGE][INFO] - Action delay is set to 0 seconds

2019-06-23 18:51:17 - [MESSAGE][PASSED] - Browser is opened with url: ''

2019-06-23 18:51:17 - [TEST_STEP][PASSED] - navigateToUrl(URL): Navigate to 'http://cncdevui.azurewebsites.net/UI/#/account/login' successfully

2019-06-23 18:51:27 - [MESSAGE][PASSED] - Navigate to 'http://cncdevui.azurewebsites.net/UI/#/account/login' successfully

2019-06-23 18:51:27 - [TEST_STEP][PASSED] - waitForPageLoad(Max_Delay): Wait for page load successfully

2019-06-23 18:51:27 - [MESSAGE][PASSED] - Wait for page load successfully

2019-06-23 18:51:27 - [TEST_STEP][PASSED] - maximizeWindow(): Current window maximized

2019-06-23 18:51:29 - [MESSAGE][PASSED] - Current window maximized

2019-06-23 18:51:29 - [TEST_STEP][FAILED] - try: Unable to verify object 'Object Repository/Page_Login/a_Dashboard' is visible

2019-06-23 18:51:29 - [TEST_STEP][PASSED] - verifyElementVisible(findTestObject("Page_Login/div_genpact-logo")): Object 'Object Repository/Page_Login/div_genpact-logo' is visible

2019-06-23 18:51:29 - [MESSAGE][PASSED] - Object 'Object Repository/Page_Login/div_genpact-logo' is visible

2019-06-23 18:51:29 - [TEST_STEP][PASSED] - verifyElementVisible(findTestObject("Page_Login/edittext_Username")): Object 'Object Repository/Page_Login/edittext_Username' is visible

2019-06-23 18:51:29 - [MESSAGE][PASSED] - Object 'Object Repository/Page_Login/edittext_Username' is visible

2019-06-23 18:51:29 - [TEST_STEP][PASSED] - verifyElementVisible(findTestObject("Page_Login/edittext_Password")): Object 'Object Repository/Page_Login/edittext_Password' is visible

2019-06-23 18:51:29 - [MESSAGE][PASSED] - Object 'Object Repository/Page_Login/edittext_Password' is visible

2019-06-23 18:51:29 - [TEST_STEP][PASSED] - verifyElementClickable(findTestObject("Page_Login/button_SIGN IN")): Object 'Object Repository/Page_Login/button_SIGN IN' is clickable

2019-06-23 18:51:29 - [MESSAGE][PASSED] - Object 'Object Repository/Page_Login/button_SIGN IN' is clickable

2019-06-23 18:51:29 - [TEST_STEP][FAILED] - verifyElementVisible(findTestObject("Page_Login/a_Dashboard")): Unable to verify object 'Object Repository/Page_Login/a_Dashboard' is visible

2019-06-23 18:52:02 - [MESSAGE][INFO] - Unable to find the element located by 'By.xpath: //a[(text() = 'Dashboard' or . = 'Dashboard')]'. Please recheck the objects properties to make sure the desired element is located. 

2019-06-23 18:52:03 - [MESSAGE][FAILED] - Web element with id: 'Object Repository/Page_Login/a_Dashboard' located by 'By.xpath: //a[(text() = 'Dashboard' or . = 'Dashboard')]' not found
[[ATTACHMENT|C:\\Users\\703177749\\Desktop\\Katalon - EnTAF Reporting\\EnTAF Reporting\\Reports\\New Test Suite\\20190623_185106\\1561296122975.png]]

2019-06-23 18:52:03 - [MESSAGE][FAILED] - Unable to verify object 'Object Repository/Page_Login/a_Dashboard' is visible
[[ATTACHMENT|C:\\Users\\703177749\\Desktop\\Katalon - EnTAF Reporting\\EnTAF Reporting\\Reports\\New Test Suite\\20190623_185106\\1561296123404.png]]

2019-06-23 18:52:03 - [TEST_STEP][PASSED] - catch (Exception e): com.utils.reporting.writeIntoFile is PASSED

2019-06-23 18:52:03 - [TEST_STEP][PASSED] - com.utils.reporting.writeIntoFile(testName, "stepSummary", "stepDecription", "ActualResult", fail, e.getMessage(), com.utils.reporting.getCurrentDateTime()): com.utils.reporting.writeIntoFile is PASSED

2019-06-23 18:52:03 - [MESSAGE][PASSED] - com.utils.reporting.getCurrentDateTime is PASSED

2019-06-23 18:52:04 - [MESSAGE][PASSED] - Taking screenshot successfully
[[ATTACHMENT|C:\\Users\\703177749\\Desktop\\Katalon - EnTAF Reporting\\EnTAF Reporting\\Results\\Screenshots\\report_23-Jun-2019 18-52-03.jpg]]

2019-06-23 18:52:04 - [MESSAGE][PASSED] - com.utils.reporting.writeIntoFile is PASSED

2019-06-23 18:52:04 - [TEST_STEP][PASSED] - Start listener action : tearDown: null

2019-06-23 18:52:04 - [TEST_STEP][PASSED] - com.utils.reporting.afterTestRun(): com.utils.reporting.afterTestRun is PASSED

2019-06-23 18:52:04 - [MESSAGE][PASSED] - com.utils.reporting.afterTestRun is PASSED

2019-06-23 18:52:04 - [TEST_STEP][PASSED] - com.utils.reporting.afterScript(testName): com.utils.reporting.afterScript is PASSED

2019-06-23 18:52:04 - [MESSAGE][PASSED] - com.utils.reporting.afterScript is PASSED

2019-06-23 18:52:04 - [TEST_STEP][PASSED] - stepNo = 1: null]]></system-out>
         <system-err><![CDATA[]]></system-err>
      </testcase>
      <testcase name="Test Cases/tryingReport" classname="Test Cases/tryingReport" status="PASSED">
         <system-out><![CDATA[2019-06-23 18:52:04 - [TEST_CASE][PASSED] - Test Cases/tryingReport: Test Cases/tryingReport

2019-06-23 18:52:04 - [TEST_STEP][PASSED] - Start listener action : setUp: com.utils.reporting.createFile is PASSED

2019-06-23 18:52:04 - [TEST_STEP][PASSED] - testName = testCaseContext.getTestCaseId(): null

2019-06-23 18:52:04 - [TEST_STEP][PASSED] - fullPath = testName: null

2019-06-23 18:52:04 - [TEST_STEP][PASSED] - index = fullPath.lastIndexOf("/"): null

2019-06-23 18:52:04 - [TEST_STEP][PASSED] - testName = fullPath.substring(index + 1): null

2019-06-23 18:52:04 - [TEST_STEP][PASSED] - com.utils.reporting.createFile(testName): com.utils.reporting.createFile is PASSED

2019-06-23 18:52:04 - [MESSAGE][PASSED] - com.utils.reporting.createFile is PASSED

2019-06-23 18:52:04 - [TEST_STEP][PASSED] - com.utils.reporting.writeIntoFile(testName, "stepSummary", "stepDecription", "ActualResult", pass, "", com.utils.reporting.getCurrentDateTime()): com.utils.reporting.writeIntoFile is PASSED

2019-06-23 18:52:04 - [MESSAGE][PASSED] - com.utils.reporting.getCurrentDateTime is PASSED

2019-06-23 18:52:04 - [MESSAGE][PASSED] - com.utils.reporting.writeIntoFile is PASSED

2019-06-23 18:52:04 - [TEST_STEP][PASSED] - com.utils.reporting.writeIntoFile(testName, "stepSummary", "stepDecription", "ActualResult", pass, "", com.utils.reporting.getCurrentDateTime()): com.utils.reporting.writeIntoFile is PASSED

2019-06-23 18:52:04 - [MESSAGE][PASSED] - com.utils.reporting.getCurrentDateTime is PASSED

2019-06-23 18:52:04 - [MESSAGE][PASSED] - com.utils.reporting.writeIntoFile is PASSED

2019-06-23 18:52:04 - [TEST_STEP][PASSED] - com.utils.reporting.writeIntoFile(testName, "stepSummary", "stepDecription", "ActualResult", pass, "", com.utils.reporting.getCurrentDateTime()): com.utils.reporting.writeIntoFile is PASSED

2019-06-23 18:52:04 - [MESSAGE][PASSED] - com.utils.reporting.getCurrentDateTime is PASSED

2019-06-23 18:52:04 - [MESSAGE][PASSED] - com.utils.reporting.writeIntoFile is PASSED

2019-06-23 18:52:04 - [TEST_STEP][PASSED] - com.utils.reporting.writeIntoFile(testName, "stepSummary", "stepDecription", "ActualResult", pass, "", com.utils.reporting.getCurrentDateTime()): com.utils.reporting.writeIntoFile is PASSED

2019-06-23 18:52:04 - [MESSAGE][PASSED] - com.utils.reporting.getCurrentDateTime is PASSED

2019-06-23 18:52:04 - [MESSAGE][PASSED] - com.utils.reporting.writeIntoFile is PASSED

2019-06-23 18:52:04 - [TEST_STEP][PASSED] - Start listener action : tearDown: null

2019-06-23 18:52:04 - [TEST_STEP][PASSED] - com.utils.reporting.afterTestRun(): com.utils.reporting.afterTestRun is PASSED

2019-06-23 18:52:04 - [MESSAGE][PASSED] - com.utils.reporting.afterTestRun is PASSED

2019-06-23 18:52:04 - [TEST_STEP][PASSED] - com.utils.reporting.afterScript(testName): com.utils.reporting.afterScript is PASSED

2019-06-23 18:52:04 - [MESSAGE][PASSED] - com.utils.reporting.afterScript is PASSED

2019-06-23 18:52:04 - [TEST_STEP][PASSED] - stepNo = 1: null]]></system-out>
         <system-err><![CDATA[]]></system-err>
      </testcase>
      <system-out><![CDATA[2019-06-23 18:51:10 - [TEST_SUITE][PASSED] - New Test Suite: Test Cases/tryingReport]]></system-out>
      <system-err><![CDATA[]]></system-err>
   </testsuite>
</testsuites>
