<?xml version="1.0" encoding="UTF-8"?>
<testsuites name="Sample Test Suite" time="39" tests="0" failures="1" errors="0">
   <testsuite name="Sample Test Suite" tests="0" failures="1" errors="0" time="39" timestamp="2019-06-24 18:44:11" hostname="703177749 - BMCLPJRF2" id="Test Suites/Sample Test Suite">
      <properties>
         <property name="deviceName" value=""/>
         <property name="devicePlatform" value=""/>
         <property name="logFolder" value="C:\\Users\\703177749\\Desktop\\Katalon - EnTAF Reporting\\Katalon - EnTAF Reporting\\EnTAF Reporting\\Reports\\Sample Test Suite\\20190624_184408"/>
         <property name="logFiles" value="C:\\Users\\703177749\\Desktop\\Katalon - EnTAF Reporting\\Katalon - EnTAF Reporting\\EnTAF Reporting\\Reports\\Sample Test Suite\\20190624_184408\\execution0.log"/>
         <property name="attachments" value="C:\\Users\\703177749\\Desktop\\Katalon - EnTAF Reporting\\Katalon - EnTAF Reporting\\EnTAF Reporting\\Reports\\Sample Test Suite\\20190624_184408\\1561382088199.png, C:\\Users\\703177749\\Desktop\\Katalon - EnTAF Reporting\\Katalon - EnTAF Reporting\\EnTAF Reporting\\Reports\\Sample Test Suite\\20190624_184408\\1561382088662.png, C:\\Users\\703177749\\Desktop\\Katalon - EnTAF Reporting\\Katalon - EnTAF Reporting\\EnTAF Reporting\\Reports\\Sample Test Suite\\20190624_184408\\1561382089527.png"/>
         <property name="hostName" value="703177749 - BMCLPJRF2"/>
         <property name="os" value="Windows 10 64bit"/>
         <property name="katalonVersion" value="6.0.5.10"/>
         <property name="browser" value="Chrome 74.0.3729.108"/>
         <property name="hostAddress" value="10.168.217.135"/>
         <property name="sessionId" value="dc1aa5415b865c7a252796ad0b757b5a"/>
         <property name="seleniumVersion" value="3.7.1"/>
         <property name="proxyInformation" value="ProxyInformation{proxyOption=NO_PROXY, proxyServerType=HTTP, password=, proxyServerAddress=, proxyServerPort=0}"/>
         <property name="platform" value="Windows 10"/>
      </properties>
      <testcase name="Test Cases/Login Module/failScenario" classname="Test Cases/Login Module/failScenario" status="FAILED">
         <failure type="FAILED" message="Test Cases/Login Module/failScenario FAILED.
Reason:
com.kms.katalon.core.exception.StepFailedException: Cannot take screenshot
	at com.kms.katalon.core.keyword.internal.KeywordMain.stepFailed(KeywordMain.groovy:48)
	at com.kms.katalon.core.webui.keyword.internal.WebUIKeywordMain.stepFailed(WebUIKeywordMain.groovy:65)
	at com.kms.katalon.core.webui.keyword.internal.WebUIKeywordMain.runKeyword(WebUIKeywordMain.groovy:27)
	at com.kms.katalon.core.webui.keyword.builtin.TakeScreenshotKeyword.takeScreenshot(TakeScreenshotKeyword.groovy:88)
	at com.kms.katalon.core.webui.keyword.builtin.TakeScreenshotKeyword.execute(TakeScreenshotKeyword.groovy:71)
	at com.kms.katalon.core.keyword.internal.KeywordExecutor.executeKeywordForPlatform(KeywordExecutor.groovy:56)
	at com.kms.katalon.core.webui.keyword.WebUiBuiltInKeywords.takeScreenshot(WebUiBuiltInKeywords.groovy:2881)
	at com.kms.katalon.core.webui.keyword.WebUiBuiltInKeywords$takeScreenshot$6.call(Unknown Source)
	at com.utils.reporting.captureScreenshot(reporting.groovy:587)
	at com.utils.reporting.writeIntoFile(reporting.groovy:124)
	at com.utils.reporting.invokeMethod(reporting.groovy)
	at com.kms.katalon.core.main.CustomKeywordDelegatingMetaClass.invokeStaticMethod(CustomKeywordDelegatingMetaClass.java:49)
	at failScenario.run(failScenario:36)
	at com.kms.katalon.core.main.ScriptEngine.run(ScriptEngine.java:194)
	at com.kms.katalon.core.main.ScriptEngine.runScriptAsRawText(ScriptEngine.java:119)
	at com.kms.katalon.core.main.TestCaseExecutor.runScript(TestCaseExecutor.java:331)
	at com.kms.katalon.core.main.TestCaseExecutor.doExecute(TestCaseExecutor.java:322)
	at com.kms.katalon.core.main.TestCaseExecutor.processExecutionPhase(TestCaseExecutor.java:301)
	at com.kms.katalon.core.main.TestCaseExecutor.accessMainPhase(TestCaseExecutor.java:293)
	at com.kms.katalon.core.main.TestCaseExecutor.execute(TestCaseExecutor.java:227)
	at com.kms.katalon.core.main.TestSuiteExecutor.accessTestCaseMainPhase(TestSuiteExecutor.java:129)
	at com.kms.katalon.core.main.TestSuiteExecutor.accessTestSuiteMainPhase(TestSuiteExecutor.java:112)
	at com.kms.katalon.core.main.TestSuiteExecutor.execute(TestSuiteExecutor.java:81)
	at com.kms.katalon.core.main.TestCaseMain.startTestSuite(TestCaseMain.java:157)
	at com.kms.katalon.core.main.TestCaseMain$startTestSuite$0.call(Unknown Source)
	at TempTestSuite1561382048445.run(TempTestSuite1561382048445.groovy:35)
"/>
         <system-out><![CDATA[2019-06-24 18:44:13 - [TEST_CASE][FAILED] - Test Cases/Login Module/failScenario: Test Cases/Login Module/failScenario FAILED.
Reason:
com.kms.katalon.core.exception.StepFailedException: Cannot take screenshot
	at com.kms.katalon.core.keyword.internal.KeywordMain.stepFailed(KeywordMain.groovy:48)
	at com.kms.katalon.core.webui.keyword.internal.WebUIKeywordMain.stepFailed(WebUIKeywordMain.groovy:65)
	at com.kms.katalon.core.webui.keyword.internal.WebUIKeywordMain.runKeyword(WebUIKeywordMain.groovy:27)
	at com.kms.katalon.core.webui.keyword.builtin.TakeScreenshotKeyword.takeScreenshot(TakeScreenshotKeyword.groovy:88)
	at com.kms.katalon.core.webui.keyword.builtin.TakeScreenshotKeyword.execute(TakeScreenshotKeyword.groovy:71)
	at com.kms.katalon.core.keyword.internal.KeywordExecutor.executeKeywordForPlatform(KeywordExecutor.groovy:56)
	at com.kms.katalon.core.webui.keyword.WebUiBuiltInKeywords.takeScreenshot(WebUiBuiltInKeywords.groovy:2881)
	at com.kms.katalon.core.webui.keyword.WebUiBuiltInKeywords$takeScreenshot$6.call(Unknown Source)
	at com.utils.reporting.captureScreenshot(reporting.groovy:587)
	at com.utils.reporting.writeIntoFile(reporting.groovy:124)
	at com.utils.reporting.invokeMethod(reporting.groovy)
	at com.kms.katalon.core.main.CustomKeywordDelegatingMetaClass.invokeStaticMethod(CustomKeywordDelegatingMetaClass.java:49)
	at failScenario.run(failScenario:36)
	at com.kms.katalon.core.main.ScriptEngine.run(ScriptEngine.java:194)
	at com.kms.katalon.core.main.ScriptEngine.runScriptAsRawText(ScriptEngine.java:119)
	at com.kms.katalon.core.main.TestCaseExecutor.runScript(TestCaseExecutor.java:331)
	at com.kms.katalon.core.main.TestCaseExecutor.doExecute(TestCaseExecutor.java:322)
	at com.kms.katalon.core.main.TestCaseExecutor.processExecutionPhase(TestCaseExecutor.java:301)
	at com.kms.katalon.core.main.TestCaseExecutor.accessMainPhase(TestCaseExecutor.java:293)
	at com.kms.katalon.core.main.TestCaseExecutor.execute(TestCaseExecutor.java:227)
	at com.kms.katalon.core.main.TestSuiteExecutor.accessTestCaseMainPhase(TestSuiteExecutor.java:129)
	at com.kms.katalon.core.main.TestSuiteExecutor.accessTestSuiteMainPhase(TestSuiteExecutor.java:112)
	at com.kms.katalon.core.main.TestSuiteExecutor.execute(TestSuiteExecutor.java:81)
	at com.kms.katalon.core.main.TestCaseMain.startTestSuite(TestCaseMain.java:157)
	at com.kms.katalon.core.main.TestCaseMain$startTestSuite$0.call(Unknown Source)
	at TempTestSuite1561382048445.run(TempTestSuite1561382048445.groovy:35)


2019-06-24 18:44:13 - [TEST_STEP][PASSED] - Start listener action : setUp: com.utils.reporting.createFile is PASSED

2019-06-24 18:44:13 - [TEST_STEP][PASSED] - testName = testCaseContext.getTestCaseId(): null

2019-06-24 18:44:13 - [TEST_STEP][PASSED] - fullPath = testName: null

2019-06-24 18:44:13 - [TEST_STEP][PASSED] - segments = fullPath.split("/"): null

2019-06-24 18:44:13 - [TEST_STEP][PASSED] - testName = segments[length - 1]: null

2019-06-24 18:44:13 - [TEST_STEP][PASSED] - moduleName = segments[length - 2]: null

2019-06-24 18:44:13 - [TEST_STEP][PASSED] - browserName = getExecutedBrowser().getName(): null

2019-06-24 18:44:13 - [TEST_STEP][PASSED] - browser = browserName: null

2019-06-24 18:44:13 - [TEST_STEP][PASSED] - partition = browser.split("_"): null

2019-06-24 18:44:13 - [TEST_STEP][PASSED] - browserName = partition[length - 2]: null

2019-06-24 18:44:13 - [TEST_STEP][PASSED] - com.utils.reporting.createFile(testName): com.utils.reporting.createFile is PASSED

2019-06-24 18:44:13 - [MESSAGE][PASSED] - com.utils.reporting.createFile is PASSED

2019-06-24 18:44:14 - [TEST_STEP][PASSED] - openBrowser(""): Browser is opened with url: ''

2019-06-24 18:44:14 - [MESSAGE][INFO] - Starting 'Chrome' driver

2019-06-24 18:44:14 - [MESSAGE][INFO] - Action delay is set to 0 seconds

2019-06-24 18:44:20 - [MESSAGE][PASSED] - Browser is opened with url: ''

2019-06-24 18:44:20 - [TEST_STEP][PASSED] - navigateToUrl(URL): Navigate to 'http://cncdevui.azurewebsites.net/UI/#/account/login' successfully

2019-06-24 18:44:35 - [MESSAGE][PASSED] - Navigate to 'http://cncdevui.azurewebsites.net/UI/#/account/login' successfully

2019-06-24 18:44:35 - [TEST_STEP][PASSED] - waitForPageLoad(Max_Delay): Wait for page load successfully

2019-06-24 18:44:35 - [MESSAGE][PASSED] - Wait for page load successfully

2019-06-24 18:44:35 - [TEST_STEP][PASSED] - maximizeWindow(): Current window maximized

2019-06-24 18:44:37 - [MESSAGE][PASSED] - Current window maximized

2019-06-24 18:44:37 - [TEST_STEP][FAILED] - try: Unable to verify object 'Object Repository/Page_Login/a_Dashboard' is present

2019-06-24 18:44:37 - [TEST_STEP][PASSED] - verifyElementVisible(findTestObject("Page_Login/div_genpact-logo")): Object 'Object Repository/Page_Login/div_genpact-logo' is visible

2019-06-24 18:44:37 - [MESSAGE][PASSED] - Object 'Object Repository/Page_Login/div_genpact-logo' is visible

2019-06-24 18:44:37 - [TEST_STEP][PASSED] - verifyElementVisible(findTestObject("Page_Login/edittext_Username")): Object 'Object Repository/Page_Login/edittext_Username' is visible

2019-06-24 18:44:37 - [MESSAGE][PASSED] - Object 'Object Repository/Page_Login/edittext_Username' is visible

2019-06-24 18:44:37 - [TEST_STEP][PASSED] - verifyElementVisible(findTestObject("Page_Login/edittext_Password")): Object 'Object Repository/Page_Login/edittext_Password' is visible

2019-06-24 18:44:37 - [MESSAGE][PASSED] - Object 'Object Repository/Page_Login/edittext_Password' is visible

2019-06-24 18:44:37 - [TEST_STEP][PASSED] - verifyElementClickable(findTestObject("Page_Login/button_SIGN IN")): Object 'Object Repository/Page_Login/button_SIGN IN' is clickable

2019-06-24 18:44:37 - [MESSAGE][PASSED] - Object 'Object Repository/Page_Login/button_SIGN IN' is clickable

2019-06-24 18:44:37 - [TEST_STEP][FAILED] - verifyElementPresent(findTestObject("Page_Login/a_Dashboard"), 10): Unable to verify object 'Object Repository/Page_Login/a_Dashboard' is present

2019-06-24 18:44:48 - [MESSAGE][INFO] - Unable to find the element located by 'By.xpath: //a[(text() = 'Dashboard' or . = 'Dashboard')]'. Please recheck the objects properties to make sure the desired element is located. 

2019-06-24 18:44:48 - [MESSAGE][FAILED] - com.kms.katalon.core.webui.exception.WebElementNotFoundException: Web element with id: 'Object Repository/Page_Login/a_Dashboard' located by 'By.xpath: //a[(text() = 'Dashboard' or . = 'Dashboard')]' not found
[[ATTACHMENT|C:\\Users\\703177749\\Desktop\\Katalon - EnTAF Reporting\\Katalon - EnTAF Reporting\\EnTAF Reporting\\Reports\\Sample Test Suite\\20190624_184408\\1561382088199.png]]

2019-06-24 18:44:49 - [MESSAGE][FAILED] - Unable to verify object 'Object Repository/Page_Login/a_Dashboard' is present
[[ATTACHMENT|C:\\Users\\703177749\\Desktop\\Katalon - EnTAF Reporting\\Katalon - EnTAF Reporting\\EnTAF Reporting\\Reports\\Sample Test Suite\\20190624_184408\\1561382088662.png]]

2019-06-24 18:44:49 - [TEST_STEP][FAILED] - catch (Exception e): catch (Exception e) FAILED.
Reason:
com.kms.katalon.core.exception.StepFailedException: Cannot take screenshot
	at com.kms.katalon.core.keyword.internal.KeywordMain.stepFailed(KeywordMain.groovy:48)
	at com.kms.katalon.core.webui.keyword.internal.WebUIKeywordMain.stepFailed(WebUIKeywordMain.groovy:65)
	at com.kms.katalon.core.webui.keyword.internal.WebUIKeywordMain.runKeyword(WebUIKeywordMain.groovy:27)
	at com.kms.katalon.core.webui.keyword.builtin.TakeScreenshotKeyword.takeScreenshot(TakeScreenshotKeyword.groovy:88)
	at com.kms.katalon.core.webui.keyword.builtin.TakeScreenshotKeyword.execute(TakeScreenshotKeyword.groovy:71)
	at com.kms.katalon.core.keyword.internal.KeywordExecutor.executeKeywordForPlatform(KeywordExecutor.groovy:56)
	at com.kms.katalon.core.webui.keyword.WebUiBuiltInKeywords.takeScreenshot(WebUiBuiltInKeywords.groovy:2881)
	at com.kms.katalon.core.webui.keyword.WebUiBuiltInKeywords$takeScreenshot$6.call(Unknown Source)
	at com.utils.reporting.captureScreenshot(reporting.groovy:587)
	at com.utils.reporting.writeIntoFile(reporting.groovy:124)
	at com.utils.reporting.invokeMethod(reporting.groovy)
	at com.kms.katalon.core.main.CustomKeywordDelegatingMetaClass.invokeStaticMethod(CustomKeywordDelegatingMetaClass.java:49)
	at failScenario.run(failScenario:36)
	at com.kms.katalon.core.main.ScriptEngine.run(ScriptEngine.java:194)
	at com.kms.katalon.core.main.ScriptEngine.runScriptAsRawText(ScriptEngine.java:119)
	at com.kms.katalon.core.main.TestCaseExecutor.runScript(TestCaseExecutor.java:331)
	at com.kms.katalon.core.main.TestCaseExecutor.doExecute(TestCaseExecutor.java:322)
	at com.kms.katalon.core.main.TestCaseExecutor.processExecutionPhase(TestCaseExecutor.java:301)
	at com.kms.katalon.core.main.TestCaseExecutor.accessMainPhase(TestCaseExecutor.java:293)
	at com.kms.katalon.core.main.TestCaseExecutor.execute(TestCaseExecutor.java:227)
	at com.kms.katalon.core.main.TestSuiteExecutor.accessTestCaseMainPhase(TestSuiteExecutor.java:129)
	at com.kms.katalon.core.main.TestSuiteExecutor.accessTestSuiteMainPhase(TestSuiteExecutor.java:112)
	at com.kms.katalon.core.main.TestSuiteExecutor.execute(TestSuiteExecutor.java:81)
	at com.kms.katalon.core.main.TestCaseMain.startTestSuite(TestCaseMain.java:157)
	at com.kms.katalon.core.main.TestCaseMain$startTestSuite$0.call(Unknown Source)
	at TempTestSuite1561382048445.run(TempTestSuite1561382048445.groovy:35)


2019-06-24 18:44:49 - [TEST_STEP][FAILED] - com.utils.reporting.writeIntoFile(testName, "stepSummary", "stepDecription", browserName, "ActualResult", fail, e.getMessage(), com.utils.reporting.getCurrentDateTime()): catch (Exception e) FAILED.
Reason:
com.kms.katalon.core.exception.StepFailedException: Cannot take screenshot
	at com.kms.katalon.core.keyword.internal.KeywordMain.stepFailed(KeywordMain.groovy:48)
	at com.kms.katalon.core.webui.keyword.internal.WebUIKeywordMain.stepFailed(WebUIKeywordMain.groovy:65)
	at com.kms.katalon.core.webui.keyword.internal.WebUIKeywordMain.runKeyword(WebUIKeywordMain.groovy:27)
	at com.kms.katalon.core.webui.keyword.builtin.TakeScreenshotKeyword.takeScreenshot(TakeScreenshotKeyword.groovy:88)
	at com.kms.katalon.core.webui.keyword.builtin.TakeScreenshotKeyword.execute(TakeScreenshotKeyword.groovy:71)
	at com.kms.katalon.core.keyword.internal.KeywordExecutor.executeKeywordForPlatform(KeywordExecutor.groovy:56)
	at com.kms.katalon.core.webui.keyword.WebUiBuiltInKeywords.takeScreenshot(WebUiBuiltInKeywords.groovy:2881)
	at com.kms.katalon.core.webui.keyword.WebUiBuiltInKeywords$takeScreenshot$6.call(Unknown Source)
	at com.utils.reporting.captureScreenshot(reporting.groovy:587)
	at com.utils.reporting.writeIntoFile(reporting.groovy:124)
	at com.utils.reporting.invokeMethod(reporting.groovy)
	at com.kms.katalon.core.main.CustomKeywordDelegatingMetaClass.invokeStaticMethod(CustomKeywordDelegatingMetaClass.java:49)
	at failScenario.run(failScenario:36)
	at com.kms.katalon.core.main.ScriptEngine.run(ScriptEngine.java:194)
	at com.kms.katalon.core.main.ScriptEngine.runScriptAsRawText(ScriptEngine.java:119)
	at com.kms.katalon.core.main.TestCaseExecutor.runScript(TestCaseExecutor.java:331)
	at com.kms.katalon.core.main.TestCaseExecutor.doExecute(TestCaseExecutor.java:322)
	at com.kms.katalon.core.main.TestCaseExecutor.processExecutionPhase(TestCaseExecutor.java:301)
	at com.kms.katalon.core.main.TestCaseExecutor.accessMainPhase(TestCaseExecutor.java:293)
	at com.kms.katalon.core.main.TestCaseExecutor.execute(TestCaseExecutor.java:227)
	at com.kms.katalon.core.main.TestSuiteExecutor.accessTestCaseMainPhase(TestSuiteExecutor.java:129)
	at com.kms.katalon.core.main.TestSuiteExecutor.accessTestSuiteMainPhase(TestSuiteExecutor.java:112)
	at com.kms.katalon.core.main.TestSuiteExecutor.execute(TestSuiteExecutor.java:81)
	at com.kms.katalon.core.main.TestCaseMain.startTestSuite(TestCaseMain.java:157)
	at com.kms.katalon.core.main.TestCaseMain$startTestSuite$0.call(Unknown Source)
	at TempTestSuite1561382048445.run(TempTestSuite1561382048445.groovy:35)


2019-06-24 18:44:49 - [MESSAGE][PASSED] - com.utils.reporting.getCurrentDateTime is PASSED

2019-06-24 18:44:49 - [MESSAGE][FAILED] - Cannot take screenshot
[[ATTACHMENT|C:\\Users\\703177749\\Desktop\\Katalon - EnTAF Reporting\\Katalon - EnTAF Reporting\\EnTAF Reporting\\Reports\\Sample Test Suite\\20190624_184408\\1561382089527.png]]

2019-06-24 18:44:49 - [MESSAGE][FAILED] - Cannot take screenshot

2019-06-24 18:44:49 - [MESSAGE][FAILED] - catch (Exception e) FAILED.
Reason:
com.kms.katalon.core.exception.StepFailedException: Cannot take screenshot
	at com.kms.katalon.core.keyword.internal.KeywordMain.stepFailed(KeywordMain.groovy:48)
	at com.kms.katalon.core.webui.keyword.internal.WebUIKeywordMain.stepFailed(WebUIKeywordMain.groovy:65)
	at com.kms.katalon.core.webui.keyword.internal.WebUIKeywordMain.runKeyword(WebUIKeywordMain.groovy:27)
	at com.kms.katalon.core.webui.keyword.builtin.TakeScreenshotKeyword.takeScreenshot(TakeScreenshotKeyword.groovy:88)
	at com.kms.katalon.core.webui.keyword.builtin.TakeScreenshotKeyword.execute(TakeScreenshotKeyword.groovy:71)
	at com.kms.katalon.core.keyword.internal.KeywordExecutor.executeKeywordForPlatform(KeywordExecutor.groovy:56)
	at com.kms.katalon.core.webui.keyword.WebUiBuiltInKeywords.takeScreenshot(WebUiBuiltInKeywords.groovy:2881)
	at com.kms.katalon.core.webui.keyword.WebUiBuiltInKeywords$takeScreenshot$6.call(Unknown Source)
	at com.utils.reporting.captureScreenshot(reporting.groovy:587)
	at com.utils.reporting.writeIntoFile(reporting.groovy:124)
	at com.utils.reporting.invokeMethod(reporting.groovy)
	at com.kms.katalon.core.main.CustomKeywordDelegatingMetaClass.invokeStaticMethod(CustomKeywordDelegatingMetaClass.java:49)
	at failScenario.run(failScenario:36)
	at com.kms.katalon.core.main.ScriptEngine.run(ScriptEngine.java:194)
	at com.kms.katalon.core.main.ScriptEngine.runScriptAsRawText(ScriptEngine.java:119)
	at com.kms.katalon.core.main.TestCaseExecutor.runScript(TestCaseExecutor.java:331)
	at com.kms.katalon.core.main.TestCaseExecutor.doExecute(TestCaseExecutor.java:322)
	at com.kms.katalon.core.main.TestCaseExecutor.processExecutionPhase(TestCaseExecutor.java:301)
	at com.kms.katalon.core.main.TestCaseExecutor.accessMainPhase(TestCaseExecutor.java:293)
	at com.kms.katalon.core.main.TestCaseExecutor.execute(TestCaseExecutor.java:227)
	at com.kms.katalon.core.main.TestSuiteExecutor.accessTestCaseMainPhase(TestSuiteExecutor.java:129)
	at com.kms.katalon.core.main.TestSuiteExecutor.accessTestSuiteMainPhase(TestSuiteExecutor.java:112)
	at com.kms.katalon.core.main.TestSuiteExecutor.execute(TestSuiteExecutor.java:81)
	at com.kms.katalon.core.main.TestCaseMain.startTestSuite(TestCaseMain.java:157)
	at com.kms.katalon.core.main.TestCaseMain$startTestSuite$0.call(Unknown Source)
	at TempTestSuite1561382048445.run(TempTestSuite1561382048445.groovy:35)


2019-06-24 18:44:49 - [TEST_STEP][PASSED] - Start listener action : tearDown: null

2019-06-24 18:44:49 - [TEST_STEP][PASSED] - com.utils.reporting.afterTestRun(): com.utils.reporting.afterTestRun is PASSED

2019-06-24 18:44:49 - [MESSAGE][PASSED] - com.utils.reporting.afterTestRun is PASSED

2019-06-24 18:44:49 - [TEST_STEP][PASSED] - com.utils.reporting.afterScript(moduleName, testName): com.utils.reporting.afterScript is PASSED

2019-06-24 18:44:49 - [MESSAGE][PASSED] - com.utils.reporting.afterScript is PASSED

2019-06-24 18:44:49 - [TEST_STEP][PASSED] - stepNo = 1: null]]></system-out>
         <system-err><![CDATA[2019-06-24 18:44:13 - [TEST_CASE][FAILED] - Test Cases/Login Module/failScenario: Test Cases/Login Module/failScenario FAILED.
Reason:
com.kms.katalon.core.exception.StepFailedException: Cannot take screenshot
	at com.kms.katalon.core.keyword.internal.KeywordMain.stepFailed(KeywordMain.groovy:48)
	at com.kms.katalon.core.webui.keyword.internal.WebUIKeywordMain.stepFailed(WebUIKeywordMain.groovy:65)
	at com.kms.katalon.core.webui.keyword.internal.WebUIKeywordMain.runKeyword(WebUIKeywordMain.groovy:27)
	at com.kms.katalon.core.webui.keyword.builtin.TakeScreenshotKeyword.takeScreenshot(TakeScreenshotKeyword.groovy:88)
	at com.kms.katalon.core.webui.keyword.builtin.TakeScreenshotKeyword.execute(TakeScreenshotKeyword.groovy:71)
	at com.kms.katalon.core.keyword.internal.KeywordExecutor.executeKeywordForPlatform(KeywordExecutor.groovy:56)
	at com.kms.katalon.core.webui.keyword.WebUiBuiltInKeywords.takeScreenshot(WebUiBuiltInKeywords.groovy:2881)
	at com.kms.katalon.core.webui.keyword.WebUiBuiltInKeywords$takeScreenshot$6.call(Unknown Source)
	at com.utils.reporting.captureScreenshot(reporting.groovy:587)
	at com.utils.reporting.writeIntoFile(reporting.groovy:124)
	at com.utils.reporting.invokeMethod(reporting.groovy)
	at com.kms.katalon.core.main.CustomKeywordDelegatingMetaClass.invokeStaticMethod(CustomKeywordDelegatingMetaClass.java:49)
	at failScenario.run(failScenario:36)
	at com.kms.katalon.core.main.ScriptEngine.run(ScriptEngine.java:194)
	at com.kms.katalon.core.main.ScriptEngine.runScriptAsRawText(ScriptEngine.java:119)
	at com.kms.katalon.core.main.TestCaseExecutor.runScript(TestCaseExecutor.java:331)
	at com.kms.katalon.core.main.TestCaseExecutor.doExecute(TestCaseExecutor.java:322)
	at com.kms.katalon.core.main.TestCaseExecutor.processExecutionPhase(TestCaseExecutor.java:301)
	at com.kms.katalon.core.main.TestCaseExecutor.accessMainPhase(TestCaseExecutor.java:293)
	at com.kms.katalon.core.main.TestCaseExecutor.execute(TestCaseExecutor.java:227)
	at com.kms.katalon.core.main.TestSuiteExecutor.accessTestCaseMainPhase(TestSuiteExecutor.java:129)
	at com.kms.katalon.core.main.TestSuiteExecutor.accessTestSuiteMainPhase(TestSuiteExecutor.java:112)
	at com.kms.katalon.core.main.TestSuiteExecutor.execute(TestSuiteExecutor.java:81)
	at com.kms.katalon.core.main.TestCaseMain.startTestSuite(TestCaseMain.java:157)
	at com.kms.katalon.core.main.TestCaseMain$startTestSuite$0.call(Unknown Source)
	at TempTestSuite1561382048445.run(TempTestSuite1561382048445.groovy:35)]]></system-err>
      </testcase>
      <system-out><![CDATA[2019-06-24 18:44:11 - [TEST_SUITE][FAILED] - Sample Test Suite: Test Cases/Login Module/failScenario FAILED.
Reason:
com.kms.katalon.core.exception.StepFailedException: Cannot take screenshot
	at com.kms.katalon.core.keyword.internal.KeywordMain.stepFailed(KeywordMain.groovy:48)
	at com.kms.katalon.core.webui.keyword.internal.WebUIKeywordMain.stepFailed(WebUIKeywordMain.groovy:65)
	at com.kms.katalon.core.webui.keyword.internal.WebUIKeywordMain.runKeyword(WebUIKeywordMain.groovy:27)
	at com.kms.katalon.core.webui.keyword.builtin.TakeScreenshotKeyword.takeScreenshot(TakeScreenshotKeyword.groovy:88)
	at com.kms.katalon.core.webui.keyword.builtin.TakeScreenshotKeyword.execute(TakeScreenshotKeyword.groovy:71)
	at com.kms.katalon.core.keyword.internal.KeywordExecutor.executeKeywordForPlatform(KeywordExecutor.groovy:56)
	at com.kms.katalon.core.webui.keyword.WebUiBuiltInKeywords.takeScreenshot(WebUiBuiltInKeywords.groovy:2881)
	at com.kms.katalon.core.webui.keyword.WebUiBuiltInKeywords$takeScreenshot$6.call(Unknown Source)
	at com.utils.reporting.captureScreenshot(reporting.groovy:587)
	at com.utils.reporting.writeIntoFile(reporting.groovy:124)
	at com.utils.reporting.invokeMethod(reporting.groovy)
	at com.kms.katalon.core.main.CustomKeywordDelegatingMetaClass.invokeStaticMethod(CustomKeywordDelegatingMetaClass.java:49)
	at failScenario.run(failScenario:36)
	at com.kms.katalon.core.main.ScriptEngine.run(ScriptEngine.java:194)
	at com.kms.katalon.core.main.ScriptEngine.runScriptAsRawText(ScriptEngine.java:119)
	at com.kms.katalon.core.main.TestCaseExecutor.runScript(TestCaseExecutor.java:331)
	at com.kms.katalon.core.main.TestCaseExecutor.doExecute(TestCaseExecutor.java:322)
	at com.kms.katalon.core.main.TestCaseExecutor.processExecutionPhase(TestCaseExecutor.java:301)
	at com.kms.katalon.core.main.TestCaseExecutor.accessMainPhase(TestCaseExecutor.java:293)
	at com.kms.katalon.core.main.TestCaseExecutor.execute(TestCaseExecutor.java:227)
	at com.kms.katalon.core.main.TestSuiteExecutor.accessTestCaseMainPhase(TestSuiteExecutor.java:129)
	at com.kms.katalon.core.main.TestSuiteExecutor.accessTestSuiteMainPhase(TestSuiteExecutor.java:112)
	at com.kms.katalon.core.main.TestSuiteExecutor.execute(TestSuiteExecutor.java:81)
	at com.kms.katalon.core.main.TestCaseMain.startTestSuite(TestCaseMain.java:157)
	at com.kms.katalon.core.main.TestCaseMain$startTestSuite$0.call(Unknown Source)
	at TempTestSuite1561382048445.run(TempTestSuite1561382048445.groovy:35)]]></system-out>
      <system-err><![CDATA[2019-06-24 18:44:11 - [TEST_SUITE][FAILED] - Sample Test Suite: Test Cases/Login Module/failScenario FAILED.
Reason:
com.kms.katalon.core.exception.StepFailedException: Cannot take screenshot
	at com.kms.katalon.core.keyword.internal.KeywordMain.stepFailed(KeywordMain.groovy:48)
	at com.kms.katalon.core.webui.keyword.internal.WebUIKeywordMain.stepFailed(WebUIKeywordMain.groovy:65)
	at com.kms.katalon.core.webui.keyword.internal.WebUIKeywordMain.runKeyword(WebUIKeywordMain.groovy:27)
	at com.kms.katalon.core.webui.keyword.builtin.TakeScreenshotKeyword.takeScreenshot(TakeScreenshotKeyword.groovy:88)
	at com.kms.katalon.core.webui.keyword.builtin.TakeScreenshotKeyword.execute(TakeScreenshotKeyword.groovy:71)
	at com.kms.katalon.core.keyword.internal.KeywordExecutor.executeKeywordForPlatform(KeywordExecutor.groovy:56)
	at com.kms.katalon.core.webui.keyword.WebUiBuiltInKeywords.takeScreenshot(WebUiBuiltInKeywords.groovy:2881)
	at com.kms.katalon.core.webui.keyword.WebUiBuiltInKeywords$takeScreenshot$6.call(Unknown Source)
	at com.utils.reporting.captureScreenshot(reporting.groovy:587)
	at com.utils.reporting.writeIntoFile(reporting.groovy:124)
	at com.utils.reporting.invokeMethod(reporting.groovy)
	at com.kms.katalon.core.main.CustomKeywordDelegatingMetaClass.invokeStaticMethod(CustomKeywordDelegatingMetaClass.java:49)
	at failScenario.run(failScenario:36)
	at com.kms.katalon.core.main.ScriptEngine.run(ScriptEngine.java:194)
	at com.kms.katalon.core.main.ScriptEngine.runScriptAsRawText(ScriptEngine.java:119)
	at com.kms.katalon.core.main.TestCaseExecutor.runScript(TestCaseExecutor.java:331)
	at com.kms.katalon.core.main.TestCaseExecutor.doExecute(TestCaseExecutor.java:322)
	at com.kms.katalon.core.main.TestCaseExecutor.processExecutionPhase(TestCaseExecutor.java:301)
	at com.kms.katalon.core.main.TestCaseExecutor.accessMainPhase(TestCaseExecutor.java:293)
	at com.kms.katalon.core.main.TestCaseExecutor.execute(TestCaseExecutor.java:227)
	at com.kms.katalon.core.main.TestSuiteExecutor.accessTestCaseMainPhase(TestSuiteExecutor.java:129)
	at com.kms.katalon.core.main.TestSuiteExecutor.accessTestSuiteMainPhase(TestSuiteExecutor.java:112)
	at com.kms.katalon.core.main.TestSuiteExecutor.execute(TestSuiteExecutor.java:81)
	at com.kms.katalon.core.main.TestCaseMain.startTestSuite(TestCaseMain.java:157)
	at com.kms.katalon.core.main.TestCaseMain$startTestSuite$0.call(Unknown Source)
	at TempTestSuite1561382048445.run(TempTestSuite1561382048445.groovy:35)]]></system-err>
   </testsuite>
</testsuites>
